{
  "RSpec": {
    "coverage": {
      "/Users/williamweston/Turing/3-mod/final-project/lunch-learn/app/models/user.rb": {
        "lines": [
          1,
          1,
          1,
          1,
          1,
          null,
          1,
          3,
          3,
          3,
          null,
          null,
          null
        ]
      },
      "/Users/williamweston/Turing/3-mod/final-project/lunch-learn/app/models/application_record.rb": {
        "lines": [
          1,
          1,
          null
        ]
      }
    },
    "timestamp": 1700027251
  }
}
